{"/Users/Eric/Developer/js-essentials/index.js": {"path":"/Users/Eric/Developer/js-essentials/index.js","statementMap":{"0":{"start":{"line":1,"column":21},"end":{"line":1,"column":50}},"1":{"start":{"line":2,"column":21},"end":{"line":2,"column":50}},"2":{"start":{"line":3,"column":23},"end":{"line":3,"column":54}},"3":{"start":{"line":4,"column":23},"end":{"line":4,"column":54}},"4":{"start":{"line":5,"column":30},"end":{"line":5,"column":68}},"5":{"start":{"line":6,"column":30},"end":{"line":6,"column":68}},"6":{"start":{"line":8,"column":0},"end":{"line":15,"column":2}}},"fnMap":{},"branchMap":{},"s":{"0":6,"1":6,"2":6,"3":6,"4":6,"5":6,"6":6},"f":{},"b":{},"_coverageSchema":"43e27e138ebf9cfc5966b082cf9a028302ed4184","hash":"50879cfaeac2ef1ec748e51292596e11741019f6"}
,"/Users/Eric/Developer/js-essentials/src/getActualMonth.js": {"path":"/Users/Eric/Developer/js-essentials/src/getActualMonth.js","statementMap":{"0":{"start":{"line":9,"column":0},"end":{"line":30,"column":2}},"1":{"start":{"line":10,"column":17},"end":{"line":10,"column":28}},"2":{"start":{"line":11,"column":2},"end":{"line":29,"column":3}},"3":{"start":{"line":12,"column":19},"end":{"line":25,"column":5}},"4":{"start":{"line":26,"column":4},"end":{"line":26,"column":26}},"5":{"start":{"line":28,"column":4},"end":{"line":28,"column":63}}},"fnMap":{"0":{"name":"(anonymous_0)","decl":{"start":{"line":9,"column":17},"end":{"line":9,"column":18}},"loc":{"start":{"line":9,"column":38},"end":{"line":30,"column":1}},"line":9}},"branchMap":{"0":{"loc":{"start":{"line":9,"column":18},"end":{"line":9,"column":33}},"type":"default-arg","locations":[{"start":{"line":9,"column":24},"end":{"line":9,"column":33}}],"line":9},"1":{"loc":{"start":{"line":11,"column":2},"end":{"line":29,"column":3}},"type":"if","locations":[{"start":{"line":11,"column":2},"end":{"line":29,"column":3}},{"start":{"line":11,"column":2},"end":{"line":29,"column":3}}],"line":11}},"s":{"0":6,"1":3,"2":3,"3":2,"4":2,"5":1},"f":{"0":3},"b":{"0":[1],"1":[2,1]},"_coverageSchema":"43e27e138ebf9cfc5966b082cf9a028302ed4184","hash":"c3331cb1d4db519c8594c89ba61293d15a8443da"}
,"/Users/Eric/Developer/js-essentials/src/getURLParams.js": {"path":"/Users/Eric/Developer/js-essentials/src/getURLParams.js","statementMap":{"0":{"start":{"line":9,"column":0},"end":{"line":27,"column":2}},"1":{"start":{"line":10,"column":20},"end":{"line":10,"column":30}},"2":{"start":{"line":11,"column":20},"end":{"line":11,"column":22}},"3":{"start":{"line":12,"column":15},"end":{"line":12,"column":24}},"4":{"start":{"line":14,"column":2},"end":{"line":26,"column":3}},"5":{"start":{"line":15,"column":4},"end":{"line":15,"column":23}},"6":{"start":{"line":17,"column":4},"end":{"line":17,"column":45}},"7":{"start":{"line":19,"column":4},"end":{"line":21,"column":7}},"8":{"start":{"line":20,"column":6},"end":{"line":20,"column":29}},"9":{"start":{"line":23,"column":4},"end":{"line":23,"column":21}},"10":{"start":{"line":25,"column":4},"end":{"line":25,"column":57}}},"fnMap":{"0":{"name":"(anonymous_0)","decl":{"start":{"line":9,"column":17},"end":{"line":9,"column":18}},"loc":{"start":{"line":9,"column":38},"end":{"line":27,"column":1}},"line":9},"1":{"name":"(anonymous_1)","decl":{"start":{"line":19,"column":19},"end":{"line":19,"column":20}},"loc":{"start":{"line":19,"column":40},"end":{"line":21,"column":5}},"line":19}},"branchMap":{"0":{"loc":{"start":{"line":9,"column":18},"end":{"line":9,"column":33}},"type":"default-arg","locations":[{"start":{"line":9,"column":24},"end":{"line":9,"column":33}}],"line":9},"1":{"loc":{"start":{"line":14,"column":2},"end":{"line":26,"column":3}},"type":"if","locations":[{"start":{"line":14,"column":2},"end":{"line":26,"column":3}},{"start":{"line":14,"column":2},"end":{"line":26,"column":3}}],"line":14},"2":{"loc":{"start":{"line":14,"column":6},"end":{"line":14,"column":81}},"type":"binary-expr","locations":[{"start":{"line":14,"column":6},"end":{"line":14,"column":31}},{"start":{"line":14,"column":36},"end":{"line":14,"column":58}},{"start":{"line":14,"column":62},"end":{"line":14,"column":80}}],"line":14}},"s":{"0":6,"1":3,"2":3,"3":3,"4":3,"5":1,"6":1,"7":1,"8":2,"9":1,"10":2},"f":{"0":3,"1":2},"b":{"0":[1],"1":[1,2],"2":[3,2,1]},"_coverageSchema":"43e27e138ebf9cfc5966b082cf9a028302ed4184","hash":"48ce317ae22bec694c90c5fe1b56e257452a9568"}
,"/Users/Eric/Developer/js-essentials/src/isFutureDate.js": {"path":"/Users/Eric/Developer/js-essentials/src/isFutureDate.js","statementMap":{"0":{"start":{"line":10,"column":0},"end":{"line":41,"column":2}},"1":{"start":{"line":11,"column":17},"end":{"line":11,"column":26}},"2":{"start":{"line":12,"column":19},"end":{"line":12,"column":28}},"3":{"start":{"line":13,"column":18},"end":{"line":13,"column":28}},"4":{"start":{"line":14,"column":21},"end":{"line":14,"column":34}},"5":{"start":{"line":16,"column":2},"end":{"line":26,"column":3}},"6":{"start":{"line":17,"column":4},"end":{"line":17,"column":28}},"7":{"start":{"line":19,"column":4},"end":{"line":25,"column":5}},"8":{"start":{"line":20,"column":6},"end":{"line":20,"column":36}},"9":{"start":{"line":21,"column":11},"end":{"line":25,"column":5}},"10":{"start":{"line":22,"column":6},"end":{"line":22,"column":26}},"11":{"start":{"line":24,"column":6},"end":{"line":24,"column":63}},"12":{"start":{"line":28,"column":2},"end":{"line":32,"column":3}},"13":{"start":{"line":29,"column":4},"end":{"line":29,"column":24}},"14":{"start":{"line":30,"column":9},"end":{"line":32,"column":3}},"15":{"start":{"line":31,"column":4},"end":{"line":31,"column":66}},"16":{"start":{"line":34,"column":21},"end":{"line":34,"column":71}},"17":{"start":{"line":35,"column":22},"end":{"line":35,"column":66}},"18":{"start":{"line":36,"column":21},"end":{"line":36,"column":63}},"19":{"start":{"line":38,"column":2},"end":{"line":38,"column":55}},"20":{"start":{"line":40,"column":2},"end":{"line":40,"column":18}}},"fnMap":{"0":{"name":"(anonymous_0)","decl":{"start":{"line":10,"column":17},"end":{"line":10,"column":18}},"loc":{"start":{"line":10,"column":34},"end":{"line":41,"column":1}},"line":10}},"branchMap":{"0":{"loc":{"start":{"line":16,"column":2},"end":{"line":26,"column":3}},"type":"if","locations":[{"start":{"line":16,"column":2},"end":{"line":26,"column":3}},{"start":{"line":16,"column":2},"end":{"line":26,"column":3}}],"line":16},"1":{"loc":{"start":{"line":19,"column":4},"end":{"line":25,"column":5}},"type":"if","locations":[{"start":{"line":19,"column":4},"end":{"line":25,"column":5}},{"start":{"line":19,"column":4},"end":{"line":25,"column":5}}],"line":19},"2":{"loc":{"start":{"line":19,"column":8},"end":{"line":19,"column":62}},"type":"binary-expr","locations":[{"start":{"line":19,"column":8},"end":{"line":19,"column":33}},{"start":{"line":19,"column":37},"end":{"line":19,"column":62}}],"line":19},"3":{"loc":{"start":{"line":21,"column":11},"end":{"line":25,"column":5}},"type":"if","locations":[{"start":{"line":21,"column":11},"end":{"line":25,"column":5}},{"start":{"line":21,"column":11},"end":{"line":25,"column":5}}],"line":21},"4":{"loc":{"start":{"line":28,"column":2},"end":{"line":32,"column":3}},"type":"if","locations":[{"start":{"line":28,"column":2},"end":{"line":32,"column":3}},{"start":{"line":28,"column":2},"end":{"line":32,"column":3}}],"line":28},"5":{"loc":{"start":{"line":28,"column":6},"end":{"line":28,"column":54}},"type":"binary-expr","locations":[{"start":{"line":28,"column":6},"end":{"line":28,"column":28}},{"start":{"line":28,"column":32},"end":{"line":28,"column":54}}],"line":28},"6":{"loc":{"start":{"line":30,"column":9},"end":{"line":32,"column":3}},"type":"if","locations":[{"start":{"line":30,"column":9},"end":{"line":32,"column":3}},{"start":{"line":30,"column":9},"end":{"line":32,"column":3}}],"line":30},"7":{"loc":{"start":{"line":38,"column":14},"end":{"line":38,"column":53}},"type":"binary-expr","locations":[{"start":{"line":38,"column":14},"end":{"line":38,"column":24}},{"start":{"line":38,"column":28},"end":{"line":38,"column":39}},{"start":{"line":38,"column":43},"end":{"line":38,"column":53}}],"line":38}},"s":{"0":6,"1":10,"2":10,"3":10,"4":10,"5":10,"6":7,"7":3,"8":1,"9":2,"10":1,"11":1,"12":9,"13":6,"14":3,"15":1,"16":8,"17":8,"18":8,"19":8,"20":8},"f":{"0":10},"b":{"0":[7,3],"1":[1,2],"2":[3,2],"3":[1,1],"4":[6,3],"5":[9,3],"6":[1,2],"7":[8,6,4]},"_coverageSchema":"43e27e138ebf9cfc5966b082cf9a028302ed4184","hash":"1ec4424e69e4b9377a0cb3df818baf27ca1dda96"}
,"/Users/Eric/Developer/js-essentials/src/querySelectorAllArray.js": {"path":"/Users/Eric/Developer/js-essentials/src/querySelectorAllArray.js","statementMap":{"0":{"start":{"line":9,"column":0},"end":{"line":21,"column":2}},"1":{"start":{"line":10,"column":2},"end":{"line":12,"column":3}},"2":{"start":{"line":11,"column":4},"end":{"line":11,"column":49}},"3":{"start":{"line":14,"column":2},"end":{"line":16,"column":3}},"4":{"start":{"line":15,"column":4},"end":{"line":15,"column":74}},"5":{"start":{"line":18,"column":2},"end":{"line":20,"column":3}},"6":{"start":{"line":19,"column":4},"end":{"line":19,"column":53}}},"fnMap":{"0":{"name":"(anonymous_0)","decl":{"start":{"line":9,"column":17},"end":{"line":9,"column":18}},"loc":{"start":{"line":9,"column":23},"end":{"line":21,"column":1}},"line":9}},"branchMap":{"0":{"loc":{"start":{"line":10,"column":2},"end":{"line":12,"column":3}},"type":"if","locations":[{"start":{"line":10,"column":2},"end":{"line":12,"column":3}},{"start":{"line":10,"column":2},"end":{"line":12,"column":3}}],"line":10},"1":{"loc":{"start":{"line":14,"column":2},"end":{"line":16,"column":3}},"type":"if","locations":[{"start":{"line":14,"column":2},"end":{"line":16,"column":3}},{"start":{"line":14,"column":2},"end":{"line":16,"column":3}}],"line":14},"2":{"loc":{"start":{"line":18,"column":2},"end":{"line":20,"column":3}},"type":"if","locations":[{"start":{"line":18,"column":2},"end":{"line":20,"column":3}},{"start":{"line":18,"column":2},"end":{"line":20,"column":3}}],"line":18}},"s":{"0":6,"1":3,"2":1,"3":2,"4":1,"5":1,"6":1},"f":{"0":3},"b":{"0":[1,2],"1":[1,1],"2":[1,0]},"_coverageSchema":"43e27e138ebf9cfc5966b082cf9a028302ed4184","hash":"0e1125e1505391a7b3f94ff1fee2785c4030e526"}
,"/Users/Eric/Developer/js-essentials/src/quickSortArray.js": {"path":"/Users/Eric/Developer/js-essentials/src/quickSortArray.js","statementMap":{"0":{"start":{"line":10,"column":0},"end":{"line":32,"column":2}},"1":{"start":{"line":11,"column":2},"end":{"line":13,"column":3}},"2":{"start":{"line":12,"column":4},"end":{"line":12,"column":49}},"3":{"start":{"line":15,"column":18},"end":{"line":15,"column":65}},"4":{"start":{"line":15,"column":43},"end":{"line":15,"column":54}},"5":{"start":{"line":17,"column":2},"end":{"line":19,"column":3}},"6":{"start":{"line":18,"column":4},"end":{"line":18,"column":74}},"7":{"start":{"line":22,"column":2},"end":{"line":31,"column":3}},"8":{"start":{"line":24,"column":6},"end":{"line":26,"column":9}},"9":{"start":{"line":25,"column":8},"end":{"line":25,"column":21}},"10":{"start":{"line":30,"column":6},"end":{"line":30,"column":25}}},"fnMap":{"0":{"name":"(anonymous_0)","decl":{"start":{"line":10,"column":17},"end":{"line":10,"column":18}},"loc":{"start":{"line":10,"column":25},"end":{"line":32,"column":1}},"line":10},"1":{"name":"(anonymous_1)","decl":{"start":{"line":15,"column":35},"end":{"line":15,"column":36}},"loc":{"start":{"line":15,"column":43},"end":{"line":15,"column":54}},"line":15},"2":{"name":"(anonymous_2)","decl":{"start":{"line":24,"column":23},"end":{"line":24,"column":24}},"loc":{"start":{"line":24,"column":33},"end":{"line":26,"column":7}},"line":24}},"branchMap":{"0":{"loc":{"start":{"line":11,"column":2},"end":{"line":13,"column":3}},"type":"if","locations":[{"start":{"line":11,"column":2},"end":{"line":13,"column":3}},{"start":{"line":11,"column":2},"end":{"line":13,"column":3}}],"line":11},"1":{"loc":{"start":{"line":17,"column":2},"end":{"line":19,"column":3}},"type":"if","locations":[{"start":{"line":17,"column":2},"end":{"line":19,"column":3}},{"start":{"line":17,"column":2},"end":{"line":19,"column":3}}],"line":17},"2":{"loc":{"start":{"line":22,"column":2},"end":{"line":31,"column":3}},"type":"switch","locations":[{"start":{"line":23,"column":4},"end":{"line":26,"column":9}},{"start":{"line":28,"column":4},"end":{"line":28,"column":18}},{"start":{"line":29,"column":4},"end":{"line":30,"column":25}}],"line":22}},"s":{"0":6,"1":5,"2":1,"3":4,"4":19,"5":4,"6":1,"7":3,"8":2,"9":27,"10":1},"f":{"0":5,"1":19,"2":27},"b":{"0":[1,4],"1":[1,3],"2":[2,1,1]},"_coverageSchema":"43e27e138ebf9cfc5966b082cf9a028302ed4184","hash":"169f804af615f7cfdd352500f6358154cb7c8fdd"}
,"/Users/Eric/Developer/js-essentials/src/quickSortArrayObjects.js": {"path":"/Users/Eric/Developer/js-essentials/src/quickSortArrayObjects.js","statementMap":{"0":{"start":{"line":12,"column":0},"end":{"line":46,"column":2}},"1":{"start":{"line":13,"column":16},"end":{"line":17,"column":3}},"2":{"start":{"line":19,"column":2},"end":{"line":21,"column":3}},"3":{"start":{"line":20,"column":4},"end":{"line":20,"column":49}},"4":{"start":{"line":23,"column":2},"end":{"line":25,"column":3}},"5":{"start":{"line":24,"column":4},"end":{"line":24,"column":16}},"6":{"start":{"line":27,"column":19},"end":{"line":27,"column":76}},"7":{"start":{"line":27,"column":39},"end":{"line":27,"column":75}},"8":{"start":{"line":29,"column":2},"end":{"line":45,"column":3}},"9":{"start":{"line":30,"column":4},"end":{"line":42,"column":5}},"10":{"start":{"line":32,"column":8},"end":{"line":38,"column":11}},"11":{"start":{"line":33,"column":10},"end":{"line":37,"column":11}},"12":{"start":{"line":34,"column":12},"end":{"line":34,"column":81}},"13":{"start":{"line":36,"column":12},"end":{"line":36,"column":81}},"14":{"start":{"line":41,"column":8},"end":{"line":41,"column":64}},"15":{"start":{"line":44,"column":4},"end":{"line":44,"column":65}}},"fnMap":{"0":{"name":"(anonymous_0)","decl":{"start":{"line":12,"column":17},"end":{"line":12,"column":18}},"loc":{"start":{"line":12,"column":64},"end":{"line":46,"column":1}},"line":12},"1":{"name":"(anonymous_1)","decl":{"start":{"line":27,"column":31},"end":{"line":27,"column":32}},"loc":{"start":{"line":27,"column":39},"end":{"line":27,"column":75}},"line":27},"2":{"name":"(anonymous_2)","decl":{"start":{"line":32,"column":29},"end":{"line":32,"column":30}},"loc":{"start":{"line":32,"column":44},"end":{"line":38,"column":9}},"line":32}},"branchMap":{"0":{"loc":{"start":{"line":12,"column":24},"end":{"line":12,"column":59}},"type":"default-arg","locations":[{"start":{"line":12,"column":57},"end":{"line":12,"column":59}}],"line":12},"1":{"loc":{"start":{"line":12,"column":42},"end":{"line":12,"column":52}},"type":"default-arg","locations":[{"start":{"line":12,"column":48},"end":{"line":12,"column":52}}],"line":12},"2":{"loc":{"start":{"line":19,"column":2},"end":{"line":21,"column":3}},"type":"if","locations":[{"start":{"line":19,"column":2},"end":{"line":21,"column":3}},{"start":{"line":19,"column":2},"end":{"line":21,"column":3}}],"line":19},"3":{"loc":{"start":{"line":23,"column":2},"end":{"line":25,"column":3}},"type":"if","locations":[{"start":{"line":23,"column":2},"end":{"line":25,"column":3}},{"start":{"line":23,"column":2},"end":{"line":25,"column":3}}],"line":23},"4":{"loc":{"start":{"line":29,"column":2},"end":{"line":45,"column":3}},"type":"if","locations":[{"start":{"line":29,"column":2},"end":{"line":45,"column":3}},{"start":{"line":29,"column":2},"end":{"line":45,"column":3}}],"line":29},"5":{"loc":{"start":{"line":30,"column":4},"end":{"line":42,"column":5}},"type":"switch","locations":[{"start":{"line":31,"column":6},"end":{"line":38,"column":11}},{"start":{"line":40,"column":6},"end":{"line":41,"column":64}}],"line":30},"6":{"loc":{"start":{"line":33,"column":10},"end":{"line":37,"column":11}},"type":"if","locations":[{"start":{"line":33,"column":10},"end":{"line":37,"column":11}},{"start":{"line":33,"column":10},"end":{"line":37,"column":11}}],"line":33}},"s":{"0":6,"1":6,"2":6,"3":1,"4":5,"5":1,"6":4,"7":13,"8":4,"9":2,"10":2,"11":2,"12":1,"13":1,"14":0,"15":2},"f":{"0":6,"1":13,"2":2},"b":{"0":[3],"1":[5],"2":[1,5],"3":[1,4],"4":[2,2],"5":[2,0],"6":[1,1]},"_coverageSchema":"43e27e138ebf9cfc5966b082cf9a028302ed4184","hash":"25efb1d74a9251f18b527cd9521a2c711258de9f"}
}
