{"/Users/Eric/Developer/js-essentials/src/getActualMonth.js": {"path":"/Users/Eric/Developer/js-essentials/src/getActualMonth.js","statementMap":{"0":{"start":{"line":10,"column":17},"end":{"line":10,"column":28}},"1":{"start":{"line":12,"column":2},"end":{"line":30,"column":3}},"2":{"start":{"line":13,"column":19},"end":{"line":26,"column":5}},"3":{"start":{"line":27,"column":4},"end":{"line":27,"column":26}},"4":{"start":{"line":29,"column":4},"end":{"line":29,"column":63}}},"fnMap":{"0":{"name":"getActualMonth","decl":{"start":{"line":9,"column":16},"end":{"line":9,"column":30}},"loc":{"start":{"line":9,"column":48},"end":{"line":31,"column":1}},"line":9}},"branchMap":{"0":{"loc":{"start":{"line":9,"column":31},"end":{"line":9,"column":46}},"type":"default-arg","locations":[{"start":{"line":9,"column":37},"end":{"line":9,"column":46}}],"line":9},"1":{"loc":{"start":{"line":12,"column":2},"end":{"line":30,"column":3}},"type":"if","locations":[{"start":{"line":12,"column":2},"end":{"line":30,"column":3}},{"start":{"line":12,"column":2},"end":{"line":30,"column":3}}],"line":12}},"s":{"0":3,"1":3,"2":2,"3":2,"4":1},"f":{"0":3},"b":{"0":[1],"1":[2,1]},"_coverageSchema":"43e27e138ebf9cfc5966b082cf9a028302ed4184","hash":"5e9f7e321e01b8663b6cf9c53ba2c254cfed5559"}
,"/Users/Eric/Developer/js-essentials/src/getURLParams.js": {"path":"/Users/Eric/Developer/js-essentials/src/getURLParams.js","statementMap":{"0":{"start":{"line":10,"column":20},"end":{"line":10,"column":30}},"1":{"start":{"line":11,"column":20},"end":{"line":11,"column":22}},"2":{"start":{"line":12,"column":15},"end":{"line":12,"column":24}},"3":{"start":{"line":14,"column":2},"end":{"line":26,"column":3}},"4":{"start":{"line":15,"column":4},"end":{"line":15,"column":23}},"5":{"start":{"line":17,"column":4},"end":{"line":17,"column":45}},"6":{"start":{"line":19,"column":4},"end":{"line":21,"column":7}},"7":{"start":{"line":20,"column":6},"end":{"line":20,"column":29}},"8":{"start":{"line":23,"column":4},"end":{"line":23,"column":21}},"9":{"start":{"line":25,"column":4},"end":{"line":25,"column":57}}},"fnMap":{"0":{"name":"getURLParams","decl":{"start":{"line":9,"column":16},"end":{"line":9,"column":28}},"loc":{"start":{"line":9,"column":46},"end":{"line":27,"column":1}},"line":9},"1":{"name":"(anonymous_1)","decl":{"start":{"line":19,"column":19},"end":{"line":19,"column":20}},"loc":{"start":{"line":19,"column":40},"end":{"line":21,"column":5}},"line":19}},"branchMap":{"0":{"loc":{"start":{"line":9,"column":29},"end":{"line":9,"column":44}},"type":"default-arg","locations":[{"start":{"line":9,"column":35},"end":{"line":9,"column":44}}],"line":9},"1":{"loc":{"start":{"line":14,"column":2},"end":{"line":26,"column":3}},"type":"if","locations":[{"start":{"line":14,"column":2},"end":{"line":26,"column":3}},{"start":{"line":14,"column":2},"end":{"line":26,"column":3}}],"line":14},"2":{"loc":{"start":{"line":14,"column":6},"end":{"line":14,"column":81}},"type":"binary-expr","locations":[{"start":{"line":14,"column":6},"end":{"line":14,"column":31}},{"start":{"line":14,"column":36},"end":{"line":14,"column":58}},{"start":{"line":14,"column":62},"end":{"line":14,"column":80}}],"line":14}},"s":{"0":3,"1":3,"2":3,"3":3,"4":1,"5":1,"6":1,"7":2,"8":1,"9":2},"f":{"0":3,"1":2},"b":{"0":[1],"1":[1,2],"2":[3,2,1]},"_coverageSchema":"43e27e138ebf9cfc5966b082cf9a028302ed4184","hash":"94e20a4645f69744a14a70d3e852d2106ba39710"}
,"/Users/Eric/Developer/js-essentials/src/index.js": {"path":"/Users/Eric/Developer/js-essentials/src/index.js","statementMap":{},"fnMap":{},"branchMap":{},"s":{},"f":{},"b":{},"_coverageSchema":"43e27e138ebf9cfc5966b082cf9a028302ed4184","hash":"7aba2258b13cc2b73fe3ec9a6f7e3d48870a7e7e"}
,"/Users/Eric/Developer/js-essentials/src/isFutureDate.js": {"path":"/Users/Eric/Developer/js-essentials/src/isFutureDate.js","statementMap":{"0":{"start":{"line":11,"column":21},"end":{"line":11,"column":32}},"1":{"start":{"line":12,"column":24},"end":{"line":12,"column":38}},"2":{"start":{"line":14,"column":12},"end":{"line":14,"column":21}},"3":{"start":{"line":15,"column":13},"end":{"line":15,"column":22}},"4":{"start":{"line":17,"column":2},"end":{"line":39,"column":3}},"5":{"start":{"line":18,"column":4},"end":{"line":18,"column":84}},"6":{"start":{"line":20,"column":4},"end":{"line":26,"column":5}},"7":{"start":{"line":21,"column":6},"end":{"line":21,"column":27}},"8":{"start":{"line":22,"column":11},"end":{"line":26,"column":5}},"9":{"start":{"line":23,"column":6},"end":{"line":23,"column":17}},"10":{"start":{"line":25,"column":6},"end":{"line":25,"column":87}},"11":{"start":{"line":28,"column":4},"end":{"line":38,"column":5}},"12":{"start":{"line":29,"column":6},"end":{"line":29,"column":24}},"13":{"start":{"line":31,"column":6},"end":{"line":37,"column":7}},"14":{"start":{"line":32,"column":8},"end":{"line":32,"column":33}},"15":{"start":{"line":33,"column":13},"end":{"line":37,"column":7}},"16":{"start":{"line":34,"column":8},"end":{"line":34,"column":23}},"17":{"start":{"line":36,"column":8},"end":{"line":36,"column":90}},"18":{"start":{"line":41,"column":2},"end":{"line":41,"column":20}}},"fnMap":{"0":{"name":"isFutureDate","decl":{"start":{"line":10,"column":16},"end":{"line":10,"column":28}},"loc":{"start":{"line":10,"column":44},"end":{"line":42,"column":1}},"line":10}},"branchMap":{"0":{"loc":{"start":{"line":17,"column":2},"end":{"line":39,"column":3}},"type":"if","locations":[{"start":{"line":17,"column":2},"end":{"line":39,"column":3}},{"start":{"line":17,"column":2},"end":{"line":39,"column":3}}],"line":17},"1":{"loc":{"start":{"line":20,"column":4},"end":{"line":26,"column":5}},"type":"if","locations":[{"start":{"line":20,"column":4},"end":{"line":26,"column":5}},{"start":{"line":20,"column":4},"end":{"line":26,"column":5}}],"line":20},"2":{"loc":{"start":{"line":22,"column":11},"end":{"line":26,"column":5}},"type":"if","locations":[{"start":{"line":22,"column":11},"end":{"line":26,"column":5}},{"start":{"line":22,"column":11},"end":{"line":26,"column":5}}],"line":22},"3":{"loc":{"start":{"line":28,"column":4},"end":{"line":38,"column":5}},"type":"if","locations":[{"start":{"line":28,"column":4},"end":{"line":38,"column":5}},{"start":{"line":28,"column":4},"end":{"line":38,"column":5}}],"line":28},"4":{"loc":{"start":{"line":31,"column":6},"end":{"line":37,"column":7}},"type":"if","locations":[{"start":{"line":31,"column":6},"end":{"line":37,"column":7}},{"start":{"line":31,"column":6},"end":{"line":37,"column":7}}],"line":31},"5":{"loc":{"start":{"line":33,"column":13},"end":{"line":37,"column":7}},"type":"if","locations":[{"start":{"line":33,"column":13},"end":{"line":37,"column":7}},{"start":{"line":33,"column":13},"end":{"line":37,"column":7}}],"line":33}},"s":{"0":15,"1":15,"2":15,"3":15,"4":15,"5":1,"6":14,"7":10,"8":4,"9":3,"10":1,"11":13,"12":7,"13":6,"14":1,"15":5,"16":4,"17":1,"18":12},"f":{"0":15},"b":{"0":[1,14],"1":[10,4],"2":[3,1],"3":[7,6],"4":[1,5],"5":[4,1]},"_coverageSchema":"43e27e138ebf9cfc5966b082cf9a028302ed4184","hash":"36aca252c4a77341b10d4c3b10bb60071c502f9f"}
,"/Users/Eric/Developer/js-essentials/src/querySelectorAllArray.js": {"path":"/Users/Eric/Developer/js-essentials/src/querySelectorAllArray.js","statementMap":{"0":{"start":{"line":10,"column":2},"end":{"line":12,"column":3}},"1":{"start":{"line":11,"column":4},"end":{"line":11,"column":49}},"2":{"start":{"line":14,"column":2},"end":{"line":16,"column":3}},"3":{"start":{"line":15,"column":4},"end":{"line":15,"column":74}},"4":{"start":{"line":18,"column":2},"end":{"line":18,"column":51}}},"fnMap":{"0":{"name":"querySelectorAllArray","decl":{"start":{"line":9,"column":16},"end":{"line":9,"column":37}},"loc":{"start":{"line":9,"column":42},"end":{"line":19,"column":1}},"line":9}},"branchMap":{"0":{"loc":{"start":{"line":10,"column":2},"end":{"line":12,"column":3}},"type":"if","locations":[{"start":{"line":10,"column":2},"end":{"line":12,"column":3}},{"start":{"line":10,"column":2},"end":{"line":12,"column":3}}],"line":10},"1":{"loc":{"start":{"line":14,"column":2},"end":{"line":16,"column":3}},"type":"if","locations":[{"start":{"line":14,"column":2},"end":{"line":16,"column":3}},{"start":{"line":14,"column":2},"end":{"line":16,"column":3}}],"line":14}},"s":{"0":3,"1":1,"2":2,"3":1,"4":1},"f":{"0":3},"b":{"0":[1,2],"1":[1,1]},"_coverageSchema":"43e27e138ebf9cfc5966b082cf9a028302ed4184","hash":"30ff9803c158aba9625d20822e3f234f5dc110d8"}
,"/Users/Eric/Developer/js-essentials/src/quickSortArray.js": {"path":"/Users/Eric/Developer/js-essentials/src/quickSortArray.js","statementMap":{"0":{"start":{"line":11,"column":2},"end":{"line":13,"column":3}},"1":{"start":{"line":12,"column":4},"end":{"line":12,"column":49}},"2":{"start":{"line":15,"column":18},"end":{"line":15,"column":64}},"3":{"start":{"line":15,"column":42},"end":{"line":15,"column":53}},"4":{"start":{"line":17,"column":2},"end":{"line":19,"column":3}},"5":{"start":{"line":18,"column":4},"end":{"line":18,"column":74}},"6":{"start":{"line":22,"column":2},"end":{"line":31,"column":3}},"7":{"start":{"line":24,"column":6},"end":{"line":26,"column":9}},"8":{"start":{"line":25,"column":8},"end":{"line":25,"column":21}},"9":{"start":{"line":30,"column":6},"end":{"line":30,"column":24}}},"fnMap":{"0":{"name":"quickSortArray","decl":{"start":{"line":10,"column":16},"end":{"line":10,"column":30}},"loc":{"start":{"line":10,"column":36},"end":{"line":32,"column":1}},"line":10},"1":{"name":"(anonymous_1)","decl":{"start":{"line":15,"column":34},"end":{"line":15,"column":35}},"loc":{"start":{"line":15,"column":42},"end":{"line":15,"column":53}},"line":15},"2":{"name":"(anonymous_2)","decl":{"start":{"line":24,"column":22},"end":{"line":24,"column":23}},"loc":{"start":{"line":24,"column":32},"end":{"line":26,"column":7}},"line":24}},"branchMap":{"0":{"loc":{"start":{"line":11,"column":2},"end":{"line":13,"column":3}},"type":"if","locations":[{"start":{"line":11,"column":2},"end":{"line":13,"column":3}},{"start":{"line":11,"column":2},"end":{"line":13,"column":3}}],"line":11},"1":{"loc":{"start":{"line":17,"column":2},"end":{"line":19,"column":3}},"type":"if","locations":[{"start":{"line":17,"column":2},"end":{"line":19,"column":3}},{"start":{"line":17,"column":2},"end":{"line":19,"column":3}}],"line":17},"2":{"loc":{"start":{"line":22,"column":2},"end":{"line":31,"column":3}},"type":"switch","locations":[{"start":{"line":23,"column":4},"end":{"line":26,"column":9}},{"start":{"line":28,"column":4},"end":{"line":28,"column":18}},{"start":{"line":29,"column":4},"end":{"line":30,"column":24}}],"line":22}},"s":{"0":5,"1":1,"2":4,"3":19,"4":4,"5":1,"6":3,"7":2,"8":27,"9":1},"f":{"0":5,"1":19,"2":27},"b":{"0":[1,4],"1":[1,3],"2":[2,1,1]},"_coverageSchema":"43e27e138ebf9cfc5966b082cf9a028302ed4184","hash":"729a557952a9ffd86a7a3d7a5188ba7841c0057d"}
,"/Users/Eric/Developer/js-essentials/src/sortArrayOfObjects.js": {"path":"/Users/Eric/Developer/js-essentials/src/sortArrayOfObjects.js","statementMap":{"0":{"start":{"line":12,"column":18},"end":{"line":12,"column":36}},"1":{"start":{"line":13,"column":17},"end":{"line":13,"column":26}},"2":{"start":{"line":15,"column":2},"end":{"line":17,"column":3}},"3":{"start":{"line":16,"column":4},"end":{"line":16,"column":15}},"4":{"start":{"line":19,"column":2},"end":{"line":23,"column":3}},"5":{"start":{"line":20,"column":4},"end":{"line":20,"column":57}},"6":{"start":{"line":22,"column":4},"end":{"line":22,"column":63}},"7":{"start":{"line":22,"column":49},"end":{"line":22,"column":59}},"8":{"start":{"line":25,"column":2},"end":{"line":27,"column":3}},"9":{"start":{"line":26,"column":4},"end":{"line":26,"column":65}},"10":{"start":{"line":29,"column":2},"end":{"line":31,"column":3}},"11":{"start":{"line":30,"column":4},"end":{"line":30,"column":85}},"12":{"start":{"line":33,"column":16},"end":{"line":33,"column":29}},"13":{"start":{"line":35,"column":2},"end":{"line":41,"column":5}},"14":{"start":{"line":36,"column":14},"end":{"line":36,"column":25}},"15":{"start":{"line":37,"column":14},"end":{"line":37,"column":25}},"16":{"start":{"line":40,"column":4},"end":{"line":40,"column":43}}},"fnMap":{"0":{"name":"sortArrayOfObjects","decl":{"start":{"line":11,"column":16},"end":{"line":11,"column":34}},"loc":{"start":{"line":11,"column":88},"end":{"line":42,"column":1}},"line":11},"1":{"name":"(anonymous_1)","decl":{"start":{"line":22,"column":42},"end":{"line":22,"column":43}},"loc":{"start":{"line":22,"column":49},"end":{"line":22,"column":59}},"line":22},"2":{"name":"(anonymous_2)","decl":{"start":{"line":35,"column":18},"end":{"line":35,"column":19}},"loc":{"start":{"line":35,"column":28},"end":{"line":41,"column":3}},"line":35}},"branchMap":{"0":{"loc":{"start":{"line":11,"column":35},"end":{"line":11,"column":55}},"type":"default-arg","locations":[{"start":{"line":11,"column":46},"end":{"line":11,"column":55}}],"line":11},"1":{"loc":{"start":{"line":11,"column":57},"end":{"line":11,"column":72}},"type":"default-arg","locations":[{"start":{"line":11,"column":63},"end":{"line":11,"column":72}}],"line":11},"2":{"loc":{"start":{"line":11,"column":74},"end":{"line":11,"column":86}},"type":"default-arg","locations":[{"start":{"line":11,"column":81},"end":{"line":11,"column":86}}],"line":11},"3":{"loc":{"start":{"line":15,"column":2},"end":{"line":17,"column":3}},"type":"if","locations":[{"start":{"line":15,"column":2},"end":{"line":17,"column":3}},{"start":{"line":15,"column":2},"end":{"line":17,"column":3}}],"line":15},"4":{"loc":{"start":{"line":15,"column":6},"end":{"line":15,"column":33}},"type":"binary-expr","locations":[{"start":{"line":15,"column":6},"end":{"line":15,"column":13}},{"start":{"line":15,"column":17},"end":{"line":15,"column":33}}],"line":15},"5":{"loc":{"start":{"line":19,"column":2},"end":{"line":23,"column":3}},"type":"if","locations":[{"start":{"line":19,"column":2},"end":{"line":23,"column":3}},{"start":{"line":19,"column":2},"end":{"line":23,"column":3}}],"line":19},"6":{"loc":{"start":{"line":25,"column":2},"end":{"line":27,"column":3}},"type":"if","locations":[{"start":{"line":25,"column":2},"end":{"line":27,"column":3}},{"start":{"line":25,"column":2},"end":{"line":27,"column":3}}],"line":25},"7":{"loc":{"start":{"line":25,"column":6},"end":{"line":25,"column":57}},"type":"binary-expr","locations":[{"start":{"line":25,"column":6},"end":{"line":25,"column":25}},{"start":{"line":25,"column":29},"end":{"line":25,"column":57}}],"line":25},"8":{"loc":{"start":{"line":29,"column":2},"end":{"line":31,"column":3}},"type":"if","locations":[{"start":{"line":29,"column":2},"end":{"line":31,"column":3}},{"start":{"line":29,"column":2},"end":{"line":31,"column":3}}],"line":29},"9":{"loc":{"start":{"line":33,"column":16},"end":{"line":33,"column":29}},"type":"cond-expr","locations":[{"start":{"line":33,"column":23},"end":{"line":33,"column":25}},{"start":{"line":33,"column":28},"end":{"line":33,"column":29}}],"line":33},"10":{"loc":{"start":{"line":40,"column":20},"end":{"line":40,"column":41}},"type":"cond-expr","locations":[{"start":{"line":40,"column":28},"end":{"line":40,"column":30}},{"start":{"line":40,"column":33},"end":{"line":40,"column":41}}],"line":40}},"s":{"0":8,"1":8,"2":8,"3":1,"4":7,"5":1,"6":6,"7":17,"8":6,"9":1,"10":5,"11":1,"12":4,"13":4,"14":4,"15":4,"16":4},"f":{"0":8,"1":17,"2":4},"b":{"0":[1],"1":[1],"2":[6],"3":[1,7],"4":[8,7],"5":[1,6],"6":[1,5],"7":[6,5],"8":[1,4],"9":[2,2],"10":[2,2]},"_coverageSchema":"43e27e138ebf9cfc5966b082cf9a028302ed4184","hash":"81f06f184e1fdc02469a5cdc2cb191775b4854e2"}
}
