TN:
SF:/Users/Eric/Developer/js-essentials/src/getActualMonth.js
FN:9,getActualMonth
FNF:1
FNH:1
FNDA:3,getActualMonth
DA:10,3
DA:12,3
DA:13,2
DA:27,2
DA:29,1
LF:5
LH:5
BRDA:9,0,0,1
BRDA:12,1,0,2
BRDA:12,1,1,1
BRF:3
BRH:3
end_of_record
TN:
SF:/Users/Eric/Developer/js-essentials/src/getURLParams.js
FN:9,getURLParams
FN:19,(anonymous_1)
FNF:2
FNH:2
FNDA:3,getURLParams
FNDA:2,(anonymous_1)
DA:10,3
DA:11,3
DA:12,3
DA:14,3
DA:15,1
DA:17,1
DA:19,1
DA:20,2
DA:23,1
DA:25,2
LF:10
LH:10
BRDA:9,0,0,1
BRDA:14,1,0,1
BRDA:14,1,1,2
BRDA:14,2,0,3
BRDA:14,2,1,2
BRDA:14,2,2,1
BRF:6
BRH:6
end_of_record
TN:
SF:/Users/Eric/Developer/js-essentials/src/index.js
FNF:0
FNH:0
LF:0
LH:0
BRF:0
BRH:0
end_of_record
TN:
SF:/Users/Eric/Developer/js-essentials/src/isFutureDate.js
FN:10,isFutureDate
FNF:1
FNH:1
FNDA:15,isFutureDate
DA:11,15
DA:12,15
DA:14,15
DA:15,15
DA:17,15
DA:18,1
DA:20,14
DA:21,10
DA:22,4
DA:23,3
DA:25,1
DA:28,13
DA:29,7
DA:31,6
DA:32,1
DA:33,5
DA:34,4
DA:36,1
DA:41,12
LF:19
LH:19
BRDA:17,0,0,1
BRDA:17,0,1,14
BRDA:20,1,0,10
BRDA:20,1,1,4
BRDA:22,2,0,3
BRDA:22,2,1,1
BRDA:28,3,0,7
BRDA:28,3,1,6
BRDA:31,4,0,1
BRDA:31,4,1,5
BRDA:33,5,0,4
BRDA:33,5,1,1
BRF:12
BRH:12
end_of_record
TN:
SF:/Users/Eric/Developer/js-essentials/src/querySelectorAllArray.js
FN:9,querySelectorAllArray
FNF:1
FNH:1
FNDA:3,querySelectorAllArray
DA:10,3
DA:11,1
DA:14,2
DA:15,1
DA:18,1
LF:5
LH:5
BRDA:10,0,0,1
BRDA:10,0,1,2
BRDA:14,1,0,1
BRDA:14,1,1,1
BRF:4
BRH:4
end_of_record
TN:
SF:/Users/Eric/Developer/js-essentials/src/quickSortArray.js
FN:10,quickSortArray
FN:15,(anonymous_1)
FN:24,(anonymous_2)
FNF:3
FNH:3
FNDA:5,quickSortArray
FNDA:19,(anonymous_1)
FNDA:27,(anonymous_2)
DA:11,5
DA:12,1
DA:15,19
DA:17,4
DA:18,1
DA:22,3
DA:24,2
DA:25,27
DA:30,1
LF:9
LH:9
BRDA:11,0,0,1
BRDA:11,0,1,4
BRDA:17,1,0,1
BRDA:17,1,1,3
BRDA:22,2,0,2
BRDA:22,2,1,1
BRDA:22,2,2,1
BRF:7
BRH:7
end_of_record
TN:
SF:/Users/Eric/Developer/js-essentials/src/sortArrayOfObjects.js
FN:11,sortArrayOfObjects
FN:22,(anonymous_1)
FN:35,(anonymous_2)
FNF:3
FNH:3
FNDA:8,sortArrayOfObjects
FNDA:17,(anonymous_1)
FNDA:4,(anonymous_2)
DA:12,8
DA:13,8
DA:15,8
DA:16,1
DA:19,7
DA:20,1
DA:22,17
DA:25,6
DA:26,1
DA:29,5
DA:30,1
DA:33,4
DA:35,4
DA:36,4
DA:37,4
DA:40,4
LF:16
LH:16
BRDA:11,0,0,1
BRDA:11,1,0,1
BRDA:11,2,0,6
BRDA:15,3,0,1
BRDA:15,3,1,7
BRDA:15,4,0,8
BRDA:15,4,1,7
BRDA:19,5,0,1
BRDA:19,5,1,6
BRDA:25,6,0,1
BRDA:25,6,1,5
BRDA:25,7,0,6
BRDA:25,7,1,5
BRDA:29,8,0,1
BRDA:29,8,1,4
BRDA:33,9,0,2
BRDA:33,9,1,2
BRDA:40,10,0,2
BRDA:40,10,1,2
BRF:19
BRH:19
end_of_record
