TN:
SF:/Users/Eric/Developer/js-essentials/index.js
FNF:0
FNH:0
DA:1,5
DA:2,5
DA:3,5
DA:4,5
DA:5,5
DA:7,5
LF:6
LH:6
BRF:0
BRH:0
end_of_record
TN:
SF:/Users/Eric/Developer/js-essentials/src/getActualMonth.js
FN:9,(anonymous_0)
FNF:1
FNH:1
FNDA:3,(anonymous_0)
DA:9,5
DA:10,3
DA:11,3
DA:12,2
DA:26,2
DA:28,1
LF:6
LH:6
BRDA:9,0,0,1
BRDA:11,1,0,2
BRDA:11,1,1,1
BRF:3
BRH:3
end_of_record
TN:
SF:/Users/Eric/Developer/js-essentials/src/getURLParams.js
FN:9,(anonymous_0)
FN:19,(anonymous_1)
FNF:2
FNH:2
FNDA:3,(anonymous_0)
FNDA:2,(anonymous_1)
DA:9,5
DA:10,3
DA:11,3
DA:12,3
DA:14,3
DA:15,1
DA:17,1
DA:19,1
DA:20,2
DA:23,1
DA:25,2
LF:11
LH:11
BRDA:9,0,0,1
BRDA:14,1,0,1
BRDA:14,1,1,2
BRDA:14,2,0,3
BRDA:14,2,1,2
BRDA:14,2,2,1
BRF:6
BRH:6
end_of_record
TN:
SF:/Users/Eric/Developer/js-essentials/src/isFutureDate.js
FN:10,(anonymous_0)
FNF:1
FNH:1
FNDA:10,(anonymous_0)
DA:10,5
DA:11,10
DA:12,10
DA:13,10
DA:14,10
DA:16,10
DA:17,7
DA:19,3
DA:20,1
DA:21,2
DA:22,1
DA:24,1
DA:28,9
DA:29,6
DA:30,3
DA:31,1
DA:34,8
DA:35,8
DA:36,8
DA:38,8
DA:40,8
LF:21
LH:21
BRDA:16,0,0,7
BRDA:16,0,1,3
BRDA:19,1,0,1
BRDA:19,1,1,2
BRDA:19,2,0,3
BRDA:19,2,1,2
BRDA:21,3,0,1
BRDA:21,3,1,1
BRDA:28,4,0,6
BRDA:28,4,1,3
BRDA:28,5,0,9
BRDA:28,5,1,3
BRDA:30,6,0,1
BRDA:30,6,1,2
BRDA:38,7,0,8
BRDA:38,7,1,6
BRDA:38,7,2,4
BRF:17
BRH:17
end_of_record
TN:
SF:/Users/Eric/Developer/js-essentials/src/querySelectorArray.js
FN:10,(anonymous_0)
FNF:1
FNH:1
FNDA:3,(anonymous_0)
DA:10,5
DA:11,3
DA:12,2
DA:14,2
DA:15,1
DA:18,2
DA:19,2
DA:22,1
LF:8
LH:8
BRDA:11,0,0,2
BRDA:11,0,1,1
BRDA:14,1,0,1
BRDA:14,1,1,1
BRDA:14,2,0,2
BRDA:14,2,1,2
BRDA:18,3,0,2
BRDA:18,3,1,0
BRF:8
BRH:7
end_of_record
TN:
SF:/Users/Eric/Developer/js-essentials/src/quickSortArray.js
FN:10,(anonymous_0)
FN:13,(anonymous_1)
FN:19,(anonymous_2)
FNF:3
FNH:3
FNDA:3,(anonymous_0)
FNDA:16,(anonymous_1)
FNDA:27,(anonymous_2)
DA:10,5
DA:11,3
DA:13,16
DA:15,3
DA:17,3
DA:19,2
DA:20,27
DA:25,1
DA:28,0
DA:31,0
LF:10
LH:8
BRDA:11,0,0,3
BRDA:11,0,1,0
BRDA:15,1,0,3
BRDA:15,1,1,0
BRDA:17,2,0,2
BRDA:17,2,1,1
BRDA:17,2,2,1
BRF:7
BRH:5
end_of_record
